0 info it worked if it ends with ok
1 verbose cli [ '/usr/local/bin/node',
1 verbose cli   '/usr/local/bin/npm',
1 verbose cli   'run',
1 verbose cli   'start-back' ]
2 info using npm@3.7.3
3 info using node@v5.9.0
4 verbose run-script [ 'prestart-back', 'start-back', 'poststart-back' ]
5 info lifecycle futurefoundry.co@0.1.0~prestart-back: futurefoundry.co@0.1.0
6 silly lifecycle futurefoundry.co@0.1.0~prestart-back: no script for prestart-back, continuing
7 info lifecycle futurefoundry.co@0.1.0~start-back: futurefoundry.co@0.1.0
8 verbose lifecycle futurefoundry.co@0.1.0~start-back: unsafe-perm in lifecycle true
9 verbose lifecycle futurefoundry.co@0.1.0~start-back: PATH: /usr/local/lib/node_modules/npm/bin/node-gyp-bin:/Users/Dereks/development/futurefoundry_proj/futurefoundry/node_modules/.bin:/usr/local/bin:/usr/local/lib/node_modules/npm/bin/node-gyp-bin:/Users/Dereks/development/futurefoundry_proj/futurefoundry/node_modules/.bin:/usr/local/bin:/Users/Dereks/.rvm/gems/ruby-2.2.4/bin:/Users/Dereks/.rvm/gems/ruby-2.2.4@global/bin:/Users/Dereks/.rvm/rubies/ruby-2.2.4/bin:/usr/local/bin:/usr/bin:/bin:/usr/sbin:/sbin:/usr/local/git/bin:/usr/local/mysql/bin:/Users/Dereks/.rvm/bin:/usr/local/mysql/bin
10 verbose lifecycle futurefoundry.co@0.1.0~start-back: CWD: /Users/Dereks/development/futurefoundry_proj/futurefoundry
11 silly lifecycle futurefoundry.co@0.1.0~start-back: Args: [ '-c',
11 silly lifecycle   'node ./services/node_modules/nodemon/bin/nodemon api/server.js' ]
12 silly lifecycle futurefoundry.co@0.1.0~start-back: Returned: code: 1  signal: null
13 info lifecycle futurefoundry.co@0.1.0~start-back: Failed to exec start-back script
14 verbose stack Error: futurefoundry.co@0.1.0 start-back: `node ./services/node_modules/nodemon/bin/nodemon api/server.js`
14 verbose stack Exit status 1
14 verbose stack     at EventEmitter.<anonymous> (/usr/local/lib/node_modules/npm/lib/utils/lifecycle.js:239:16)
14 verbose stack     at emitTwo (events.js:100:13)
14 verbose stack     at EventEmitter.emit (events.js:185:7)
14 verbose stack     at ChildProcess.<anonymous> (/usr/local/lib/node_modules/npm/lib/utils/spawn.js:24:14)
14 verbose stack     at emitTwo (events.js:100:13)
14 verbose stack     at ChildProcess.emit (events.js:185:7)
14 verbose stack     at maybeClose (internal/child_process.js:850:16)
14 verbose stack     at Process.ChildProcess._handle.onexit (internal/child_process.js:215:5)
15 verbose pkgid futurefoundry.co@0.1.0
16 verbose cwd /Users/Dereks/development/futurefoundry_proj/futurefoundry
17 error Darwin 15.6.0
18 error argv "/usr/local/bin/node" "/usr/local/bin/npm" "run" "start-back"
19 error node v5.9.0
20 error npm  v3.7.3
21 error code ELIFECYCLE
22 error futurefoundry.co@0.1.0 start-back: `node ./services/node_modules/nodemon/bin/nodemon api/server.js`
22 error Exit status 1
23 error Failed at the futurefoundry.co@0.1.0 start-back script 'node ./services/node_modules/nodemon/bin/nodemon api/server.js'.
23 error Make sure you have the latest version of node.js and npm installed.
23 error If you do, this is most likely a problem with the futurefoundry.co package,
23 error not with npm itself.
23 error Tell the author that this fails on your system:
23 error     node ./services/node_modules/nodemon/bin/nodemon api/server.js
23 error You can get information on how to open an issue for this project with:
23 error     npm bugs futurefoundry.co
23 error Or if that isn't available, you can get their info via:
23 error     npm owner ls futurefoundry.co
23 error There is likely additional logging output above.
24 verbose exit [ 1, true ]
